<?xml version="1.0" encoding="UTF-8"?>
<!-- Generated by org.testng.reporters.JUnitXMLReporter -->
<testsuite hostname="CTLT095" ignored="0" name="Test-4" tests="1" failures="0" timestamp="19 Jun 2020 12:39:48 GMT" time="15.035" errors="0">
  <testcase name="TC_001" time="14.181" classname="com.demo.springselenium.googleTests.GoogleTest2"/>
</testsuite> <!-- Test-4 -->
