<?xml version="1.0" encoding="UTF-8"?>
<!-- Generated by org.testng.reporters.JUnitXMLReporter -->
<testsuite hostname="CTLT095" ignored="0" name="Test-2" tests="1" failures="0" timestamp="19 Jun 2020 12:39:46 GMT" time="13.672" errors="0">
  <testcase name="TC_001" time="12.821" classname="com.demo.springselenium.googleTests.GoogleTest2"/>
</testsuite> <!-- Test-2 -->
