<?xml version="1.0" encoding="UTF-8"?>
<!-- Generated by org.testng.reporters.JUnitReportReporter -->
<testsuite skipped="0" hostname="CTLT095" name="com.demo.springselenium.googleTests.GoogleTest2" tests="2" failures="0" timestamp="19 Jun 2020 12:39:48 GMT" time="27.009" errors="0">
  <testcase name="TC_001" time="12.825" classname="com.demo.springselenium.googleTests.GoogleTest2"/>
  <testcase name="TC_001" time="14.184" classname="com.demo.springselenium.googleTests.GoogleTest2"/>
</testsuite> <!-- com.demo.springselenium.googleTests.GoogleTest2 -->
