<?xml version="1.0" encoding="UTF-8"?>
<!-- Generated by org.testng.reporters.JUnitReportReporter -->
<testsuite skipped="0" hostname="CTLT095" name="com.demo.springselenium.googleTests.GoogleTest1" tests="2" failures="0" timestamp="19 Jun 2020 12:39:48 GMT" time="25.401" errors="0">
  <testcase name="TC_001" time="12.500" classname="com.demo.springselenium.googleTests.GoogleTest1"/>
  <testcase name="TC_001" time="12.901" classname="com.demo.springselenium.googleTests.GoogleTest1"/>
</testsuite> <!-- com.demo.springselenium.googleTests.GoogleTest1 -->
