<?xml version="1.0" encoding="UTF-8"?>
<!-- Generated by org.testng.reporters.JUnitReportReporter -->
<testsuite skipped="0" hostname="CTLT095" name="com.demo.springselenium.googleTests.PropertyTest" tests="1" failures="0" timestamp="20 Jun 2020 15:18:14 GMT" time="0.010" errors="0">
  <testcase name="TC_001" time="0.010" classname="com.demo.springselenium.googleTests.PropertyTest"/>
</testsuite> <!-- com.demo.springselenium.googleTests.PropertyTest -->
