<?xml version="1.0" encoding="UTF-8"?>
<!-- Generated by org.testng.reporters.JUnitReportReporter -->
<testsuite skipped="0" hostname="CTLT095" name="com.demo.springselenium.googleTests.MultiBrowserTest" tests="1" failures="0" timestamp="19 Jun 2020 12:06:22 GMT" time="46.166" errors="0">
  <testcase name="crossBrowser" time="46.166" classname="com.demo.springselenium.googleTests.MultiBrowserTest"/>
</testsuite> <!-- com.demo.springselenium.googleTests.MultiBrowserTest -->
